<?xml version="1.0" encoding="UTF-8"?>
<!-- Generated by org.testng.reporters.JUnitReportReporter -->
<testsuite skipped="0" hostname="DESKTOP-H1HHDLN" name="TestNG.AutomationFlipkart" tests="1" failures="0" timestamp="2022-10-18T09:49:11 IST" time="43.977" errors="0">
  <testcase name="f" time="43.977" classname="TestNG.AutomationFlipkart"/>
  <system-out/>
</testsuite> <!-- TestNG.AutomationFlipkart -->
